<?xml version="1.0" encoding="UTF-8"?>
<!-- Generated by org.testng.reporters.JUnitReportReporter -->
<testsuite hostname="DESKTOP-LNCT1G8" failures="0" tests="1" name="com.rest.tests.Demo" time="3.497" errors="0" timestamp="2020-10-31T15:35:01 IST" skipped="0">
  <testcase classname="com.rest.tests.Demo" name="test" time="3.497"/>
  <system-out/>
</testsuite> <!-- com.rest.tests.Demo -->
